<?xml version="1.0" encoding="UTF-8" ?>
<testsuites disabled="0" errors="0" failures="6" tests="11" time="51.609">
 <testsuite name="Login and Navigation Functionality with Custom Headers" timestamp="2024-06-18T10:33:09" hostname="localhost" time="27.662" errors="0" tests="3" skipped="0" disabled="0" failures="2">
  <testcase classname="Login and Navigation Functionality with Custom Headers" name="should ensure the login button is clickable" time="0.752" />
  <testcase classname="Login and Navigation Functionality with Custom Headers" name="should populate the username and password fields" time="1.07">
   <failure type="exception" message="Failed: No element found using locator: By(css selector, *[id=&quot;username&quot;])"><![CDATA[NoSuchElementError: No element found using locator: By(css selector, *[id="username"])
    at C:\Users\sandhata\AppData\Roaming\npm\node_modules\protractor\built\element.js:814:27
    at ManagedPromise.invokeCallback_ (C:\Users\sandhata\AppData\Roaming\npm\node_modules\protractor\node_modules\selenium-webdriver\lib\promise.js:1376:14)
    at TaskQueue.execute_ (C:\Users\sandhata\AppData\Roaming\npm\node_modules\protractor\node_modules\selenium-webdriver\lib\promise.js:3084:14)
    at TaskQueue.executeNext_ (C:\Users\sandhata\AppData\Roaming\npm\node_modules\protractor\node_modules\selenium-webdriver\lib\promise.js:3067:27)
    at C:\Users\sandhata\AppData\Roaming\npm\node_modules\protractor\node_modules\selenium-webdriver\lib\promise.js:2927:27
    at C:\Users\sandhata\AppData\Roaming\npm\node_modules\protractor\node_modules\selenium-webdriver\lib\promise.js:668:7
    at processTicksAndRejections (node:internal/process/task_queues:95:5)Error
    at ElementArrayFinder.applyAction_ (C:\Users\sandhata\AppData\Roaming\npm\node_modules\protractor\built\element.js:459:27)
    at ElementArrayFinder.<computed> [as sendKeys] (C:\Users\sandhata\AppData\Roaming\npm\node_modules\protractor\built\element.js:91:29)
    at ElementFinder.<computed> [as sendKeys] (C:\Users\sandhata\AppData\Roaming\npm\node_modules\protractor\built\element.js:831:22)
    at UserContext.<anonymous> (C:\Users\sandhata\shirisha dodla\UI_testing_nextgen\Next_GenBank1 - Copy\src\e2e-spec.ts:50:18)
    at C:\Users\sandhata\AppData\Roaming\npm\node_modules\protractor\node_modules\jasminewd2\index.js:112:25
    at new ManagedPromise (C:\Users\sandhata\AppData\Roaming\npm\node_modules\protractor\node_modules\selenium-webdriver\lib\promise.js:1077:7)
    at ControlFlow.promise (C:\Users\sandhata\AppData\Roaming\npm\node_modules\protractor\node_modules\selenium-webdriver\lib\promise.js:2505:12)
    at schedulerExecute (C:\Users\sandhata\AppData\Roaming\npm\node_modules\protractor\node_modules\jasminewd2\index.js:95:18)
    at TaskQueue.execute_ (C:\Users\sandhata\AppData\Roaming\npm\node_modules\protractor\node_modules\selenium-webdriver\lib\promise.js:3084:14)
    at TaskQueue.executeNext_ (C:\Users\sandhata\AppData\Roaming\npm\node_modules\protractor\node_modules\selenium-webdriver\lib\promise.js:3067:27)
From: Task: Run it("should populate the username and password fields") in control flow
    at UserContext.<anonymous> (C:\Users\sandhata\AppData\Roaming\npm\node_modules\protractor\node_modules\jasminewd2\index.js:94:19)
    at attempt (C:\Users\sandhata\AppData\Roaming\npm\node_modules\protractor\node_modules\jasmine-core\lib\jasmine-core\jasmine.js:4297:26)
    at QueueRunner.run (C:\Users\sandhata\AppData\Roaming\npm\node_modules\protractor\node_modules\jasmine-core\lib\jasmine-core\jasmine.js:4217:20)
    at runNext (C:\Users\sandhata\AppData\Roaming\npm\node_modules\protractor\node_modules\jasmine-core\lib\jasmine-core\jasmine.js:4257:20)
    at C:\Users\sandhata\AppData\Roaming\npm\node_modules\protractor\node_modules\jasmine-core\lib\jasmine-core\jasmine.js:4264:13
    at C:\Users\sandhata\AppData\Roaming\npm\node_modules\protractor\node_modules\jasmine-core\lib\jasmine-core\jasmine.js:4172:9
    at C:\Users\sandhata\AppData\Roaming\npm\node_modules\protractor\node_modules\jasminewd2\index.js:64:48
    at ControlFlow.emit (C:\Users\sandhata\AppData\Roaming\npm\node_modules\protractor\node_modules\selenium-webdriver\lib\events.js:62:21)
    at ControlFlow.shutdown_ (C:\Users\sandhata\AppData\Roaming\npm\node_modules\protractor\node_modules\selenium-webdriver\lib\promise.js:2674:10)
    at C:\Users\sandhata\AppData\Roaming\npm\node_modules\protractor\node_modules\selenium-webdriver\lib\promise.js:2599:53
From asynchronous test: 
Error
    at Suite.<anonymous> (C:\Users\sandhata\shirisha dodla\UI_testing_nextgen\Next_GenBank1 - Copy\dist\out-tsc\e2e-spec.js:37:5)
    at addSpecsToSuite (C:\Users\sandhata\AppData\Roaming\npm\node_modules\protractor\node_modules\jasmine-core\lib\jasmine-core\jasmine.js:1107:25)
    at Env.describe (C:\Users\sandhata\AppData\Roaming\npm\node_modules\protractor\node_modules\jasmine-core\lib\jasmine-core\jasmine.js:1074:7)
    at describe (C:\Users\sandhata\AppData\Roaming\npm\node_modules\protractor\node_modules\jasmine-core\lib\jasmine-core\jasmine.js:4399:18)
    at Object.<anonymous> (C:\Users\sandhata\shirisha dodla\UI_testing_nextgen\Next_GenBank1 - Copy\dist\out-tsc\e2e-spec.js:22:1)
    at Module._compile (node:internal/modules/cjs/loader:1376:14)
    at Module._extensions..js (node:internal/modules/cjs/loader:1435:10)
    at Object.require.extensions.<computed> [as .js] (C:\Users\sandhata\shirisha dodla\UI_testing_nextgen\Next_GenBank1 - Copy\node_modules\ts-node\src\index.ts:1608:43)
    at Module.load (node:internal/modules/cjs/loader:1207:32)]]>
   </failure>
  </testcase>
  <testcase classname="Login and Navigation Functionality with Custom Headers" name="should navigate to the dashboard page after successful login" time="1.302">
   <failure type="toContain" message="Expected &apos;http://localhost:4200/home&apos; to contain &apos;/dashboard&apos;."><![CDATA[Error: Failed expectation
    at UserContext.<anonymous> (C:\Users\sandhata\shirisha dodla\UI_testing_nextgen\Next_GenBank1 - Copy\src\e2e-spec.ts:69:5)
    at processTicksAndRejections (node:internal/process/task_queues:95:5)]]>
   </failure>
  </testcase>
 </testsuite>
 <testsuite name="Login and Navigation Functionality with Custom Headers.Navigation to Transaction Page" timestamp="2024-06-18T10:33:13" hostname="localhost" time="11.473" errors="0" tests="4" skipped="0" disabled="0" failures="3">
  <testcase classname="Login and Navigation Functionality with Custom Headers.Navigation to Transaction Page" name="should navigate to the dashboard page" time="1.682" />
  <testcase classname="Login and Navigation Functionality with Custom Headers.Navigation to Transaction Page" name="should click on the current account" time="1.458">
   <failure type="exception" message="Failed: No element found using locator: by.cssContainingText(&quot;.bank&quot;, &quot;Current Account&quot;)"><![CDATA[NoSuchElementError: No element found using locator: by.cssContainingText(".bank", "Current Account")
    at C:\Users\sandhata\AppData\Roaming\npm\node_modules\protractor\built\element.js:814:27
    at ManagedPromise.invokeCallback_ (C:\Users\sandhata\AppData\Roaming\npm\node_modules\protractor\node_modules\selenium-webdriver\lib\promise.js:1376:14)
    at TaskQueue.execute_ (C:\Users\sandhata\AppData\Roaming\npm\node_modules\protractor\node_modules\selenium-webdriver\lib\promise.js:3084:14)
    at TaskQueue.executeNext_ (C:\Users\sandhata\AppData\Roaming\npm\node_modules\protractor\node_modules\selenium-webdriver\lib\promise.js:3067:27)
    at C:\Users\sandhata\AppData\Roaming\npm\node_modules\protractor\node_modules\selenium-webdriver\lib\promise.js:2927:27
    at C:\Users\sandhata\AppData\Roaming\npm\node_modules\protractor\node_modules\selenium-webdriver\lib\promise.js:668:7
    at processTicksAndRejections (node:internal/process/task_queues:95:5)Error
    at ElementArrayFinder.applyAction_ (C:\Users\sandhata\AppData\Roaming\npm\node_modules\protractor\built\element.js:459:27)
    at ElementArrayFinder.<computed> [as click] (C:\Users\sandhata\AppData\Roaming\npm\node_modules\protractor\built\element.js:91:29)
    at ElementFinder.<computed> [as click] (C:\Users\sandhata\AppData\Roaming\npm\node_modules\protractor\built\element.js:831:22)
    at UserContext.<anonymous> (C:\Users\sandhata\shirisha dodla\UI_testing_nextgen\Next_GenBank1 - Copy\src\e2e-spec.ts:105:7)
    at C:\Users\sandhata\AppData\Roaming\npm\node_modules\protractor\node_modules\jasminewd2\index.js:112:25
    at new ManagedPromise (C:\Users\sandhata\AppData\Roaming\npm\node_modules\protractor\node_modules\selenium-webdriver\lib\promise.js:1077:7)
    at ControlFlow.promise (C:\Users\sandhata\AppData\Roaming\npm\node_modules\protractor\node_modules\selenium-webdriver\lib\promise.js:2505:12)
    at schedulerExecute (C:\Users\sandhata\AppData\Roaming\npm\node_modules\protractor\node_modules\jasminewd2\index.js:95:18)
    at TaskQueue.execute_ (C:\Users\sandhata\AppData\Roaming\npm\node_modules\protractor\node_modules\selenium-webdriver\lib\promise.js:3084:14)
    at TaskQueue.executeNext_ (C:\Users\sandhata\AppData\Roaming\npm\node_modules\protractor\node_modules\selenium-webdriver\lib\promise.js:3067:27)
From: Task: Run it("should click on the current account") in control flow
    at UserContext.<anonymous> (C:\Users\sandhata\AppData\Roaming\npm\node_modules\protractor\node_modules\jasminewd2\index.js:94:19)
    at attempt (C:\Users\sandhata\AppData\Roaming\npm\node_modules\protractor\node_modules\jasmine-core\lib\jasmine-core\jasmine.js:4297:26)
    at QueueRunner.run (C:\Users\sandhata\AppData\Roaming\npm\node_modules\protractor\node_modules\jasmine-core\lib\jasmine-core\jasmine.js:4217:20)
    at runNext (C:\Users\sandhata\AppData\Roaming\npm\node_modules\protractor\node_modules\jasmine-core\lib\jasmine-core\jasmine.js:4257:20)
    at C:\Users\sandhata\AppData\Roaming\npm\node_modules\protractor\node_modules\jasmine-core\lib\jasmine-core\jasmine.js:4264:13
    at C:\Users\sandhata\AppData\Roaming\npm\node_modules\protractor\node_modules\jasmine-core\lib\jasmine-core\jasmine.js:4172:9
    at C:\Users\sandhata\AppData\Roaming\npm\node_modules\protractor\node_modules\jasminewd2\index.js:64:48
    at ControlFlow.emit (C:\Users\sandhata\AppData\Roaming\npm\node_modules\protractor\node_modules\selenium-webdriver\lib\events.js:62:21)
    at ControlFlow.shutdown_ (C:\Users\sandhata\AppData\Roaming\npm\node_modules\protractor\node_modules\selenium-webdriver\lib\promise.js:2674:10)
    at C:\Users\sandhata\AppData\Roaming\npm\node_modules\protractor\node_modules\selenium-webdriver\lib\promise.js:2599:53
From asynchronous test: 
Error
    at Suite.<anonymous> (C:\Users\sandhata\shirisha dodla\UI_testing_nextgen\Next_GenBank1 - Copy\dist\out-tsc\e2e-spec.js:83:9)
    at addSpecsToSuite (C:\Users\sandhata\AppData\Roaming\npm\node_modules\protractor\node_modules\jasmine-core\lib\jasmine-core\jasmine.js:1107:25)
    at Env.describe (C:\Users\sandhata\AppData\Roaming\npm\node_modules\protractor\node_modules\jasmine-core\lib\jasmine-core\jasmine.js:1074:7)
    at describe (C:\Users\sandhata\AppData\Roaming\npm\node_modules\protractor\node_modules\jasmine-core\lib\jasmine-core\jasmine.js:4399:18)
    at Suite.<anonymous> (C:\Users\sandhata\shirisha dodla\UI_testing_nextgen\Next_GenBank1 - Copy\dist\out-tsc\e2e-spec.js:74:5)
    at addSpecsToSuite (C:\Users\sandhata\AppData\Roaming\npm\node_modules\protractor\node_modules\jasmine-core\lib\jasmine-core\jasmine.js:1107:25)
    at Env.describe (C:\Users\sandhata\AppData\Roaming\npm\node_modules\protractor\node_modules\jasmine-core\lib\jasmine-core\jasmine.js:1074:7)
    at describe (C:\Users\sandhata\AppData\Roaming\npm\node_modules\protractor\node_modules\jasmine-core\lib\jasmine-core\jasmine.js:4399:18)
    at Object.<anonymous> (C:\Users\sandhata\shirisha dodla\UI_testing_nextgen\Next_GenBank1 - Copy\dist\out-tsc\e2e-spec.js:22:1)]]>
   </failure>
  </testcase>
  <testcase classname="Login and Navigation Functionality with Custom Headers.Navigation to Transaction Page" name="should ensure redirection to the transaction page" time="6.548">
   <failure type="exception" message="Failed: URL does not contain /transaction after clicking on current account
Wait timed out after 5008ms"><![CDATA[TimeoutError: URL does not contain /transaction after clicking on current account
Wait timed out after 5008ms
    at C:\Users\sandhata\AppData\Roaming\npm\node_modules\protractor\node_modules\selenium-webdriver\lib\promise.js:2201:17
    at ManagedPromise.invokeCallback_ (C:\Users\sandhata\AppData\Roaming\npm\node_modules\protractor\node_modules\selenium-webdriver\lib\promise.js:1376:14)
    at TaskQueue.execute_ (C:\Users\sandhata\AppData\Roaming\npm\node_modules\protractor\node_modules\selenium-webdriver\lib\promise.js:3084:14)
    at TaskQueue.executeNext_ (C:\Users\sandhata\AppData\Roaming\npm\node_modules\protractor\node_modules\selenium-webdriver\lib\promise.js:3067:27)
    at C:\Users\sandhata\AppData\Roaming\npm\node_modules\protractor\node_modules\selenium-webdriver\lib\promise.js:2927:27
    at C:\Users\sandhata\AppData\Roaming\npm\node_modules\protractor\node_modules\selenium-webdriver\lib\promise.js:668:7
    at processTicksAndRejections (node:internal/process/task_queues:95:5)
From: Task: URL does not contain /transaction after clicking on current account
    at scheduleWait (C:\Users\sandhata\AppData\Roaming\npm\node_modules\protractor\node_modules\selenium-webdriver\lib\promise.js:2188:20)
    at ControlFlow.wait (C:\Users\sandhata\AppData\Roaming\npm\node_modules\protractor\node_modules\selenium-webdriver\lib\promise.js:2517:12)
    at thenableWebDriverProxy.wait (C:\Users\sandhata\AppData\Roaming\npm\node_modules\protractor\node_modules\selenium-webdriver\lib\webdriver.js:934:29)
    at run (C:\Users\sandhata\AppData\Roaming\npm\node_modules\protractor\built\browser.js:58:33)
    at ProtractorBrowser.to.<computed> [as wait] (C:\Users\sandhata\AppData\Roaming\npm\node_modules\protractor\built\browser.js:66:16)
    at UserContext.<anonymous> (C:\Users\sandhata\shirisha dodla\UI_testing_nextgen\Next_GenBank1 - Copy\src\e2e-spec.ts:110:8)
    at C:\Users\sandhata\AppData\Roaming\npm\node_modules\protractor\node_modules\jasminewd2\index.js:112:25
    at new ManagedPromise (C:\Users\sandhata\AppData\Roaming\npm\node_modules\protractor\node_modules\selenium-webdriver\lib\promise.js:1077:7)
    at ControlFlow.promise (C:\Users\sandhata\AppData\Roaming\npm\node_modules\protractor\node_modules\selenium-webdriver\lib\promise.js:2505:12)
    at schedulerExecute (C:\Users\sandhata\AppData\Roaming\npm\node_modules\protractor\node_modules\jasminewd2\index.js:95:18)
From: Task: Run it("should ensure redirection to the transaction page") in control flow
    at UserContext.<anonymous> (C:\Users\sandhata\AppData\Roaming\npm\node_modules\protractor\node_modules\jasminewd2\index.js:94:19)
    at attempt (C:\Users\sandhata\AppData\Roaming\npm\node_modules\protractor\node_modules\jasmine-core\lib\jasmine-core\jasmine.js:4297:26)
    at QueueRunner.run (C:\Users\sandhata\AppData\Roaming\npm\node_modules\protractor\node_modules\jasmine-core\lib\jasmine-core\jasmine.js:4217:20)
    at runNext (C:\Users\sandhata\AppData\Roaming\npm\node_modules\protractor\node_modules\jasmine-core\lib\jasmine-core\jasmine.js:4257:20)
    at C:\Users\sandhata\AppData\Roaming\npm\node_modules\protractor\node_modules\jasmine-core\lib\jasmine-core\jasmine.js:4264:13
    at C:\Users\sandhata\AppData\Roaming\npm\node_modules\protractor\node_modules\jasmine-core\lib\jasmine-core\jasmine.js:4172:9
    at C:\Users\sandhata\AppData\Roaming\npm\node_modules\protractor\node_modules\jasminewd2\index.js:64:48
    at ControlFlow.emit (C:\Users\sandhata\AppData\Roaming\npm\node_modules\protractor\node_modules\selenium-webdriver\lib\events.js:62:21)
    at ControlFlow.shutdown_ (C:\Users\sandhata\AppData\Roaming\npm\node_modules\protractor\node_modules\selenium-webdriver\lib\promise.js:2674:10)
    at C:\Users\sandhata\AppData\Roaming\npm\node_modules\protractor\node_modules\selenium-webdriver\lib\promise.js:2599:53
From asynchronous test: 
Error
    at Suite.<anonymous> (C:\Users\sandhata\shirisha dodla\UI_testing_nextgen\Next_GenBank1 - Copy\dist\out-tsc\e2e-spec.js:88:9)
    at addSpecsToSuite (C:\Users\sandhata\AppData\Roaming\npm\node_modules\protractor\node_modules\jasmine-core\lib\jasmine-core\jasmine.js:1107:25)
    at Env.describe (C:\Users\sandhata\AppData\Roaming\npm\node_modules\protractor\node_modules\jasmine-core\lib\jasmine-core\jasmine.js:1074:7)
    at describe (C:\Users\sandhata\AppData\Roaming\npm\node_modules\protractor\node_modules\jasmine-core\lib\jasmine-core\jasmine.js:4399:18)
    at Suite.<anonymous> (C:\Users\sandhata\shirisha dodla\UI_testing_nextgen\Next_GenBank1 - Copy\dist\out-tsc\e2e-spec.js:74:5)
    at addSpecsToSuite (C:\Users\sandhata\AppData\Roaming\npm\node_modules\protractor\node_modules\jasmine-core\lib\jasmine-core\jasmine.js:1107:25)
    at Env.describe (C:\Users\sandhata\AppData\Roaming\npm\node_modules\protractor\node_modules\jasmine-core\lib\jasmine-core\jasmine.js:1074:7)
    at describe (C:\Users\sandhata\AppData\Roaming\npm\node_modules\protractor\node_modules\jasmine-core\lib\jasmine-core\jasmine.js:4399:18)
    at Object.<anonymous> (C:\Users\sandhata\shirisha dodla\UI_testing_nextgen\Next_GenBank1 - Copy\dist\out-tsc\e2e-spec.js:22:1)]]>
   </failure>
  </testcase>
  <testcase classname="Login and Navigation Functionality with Custom Headers.Navigation to Transaction Page" name="should verify balance in the transaction history table is not zero" time="1.783">
   <failure type="exception" message="Failed: No element found using locator: by.cssContainingText(&quot;.bank&quot;, &quot;Current Account&quot;)"><![CDATA[NoSuchElementError: No element found using locator: by.cssContainingText(".bank", "Current Account")
    at C:\Users\sandhata\AppData\Roaming\npm\node_modules\protractor\built\element.js:814:27
    at ManagedPromise.invokeCallback_ (C:\Users\sandhata\AppData\Roaming\npm\node_modules\protractor\node_modules\selenium-webdriver\lib\promise.js:1376:14)
    at TaskQueue.execute_ (C:\Users\sandhata\AppData\Roaming\npm\node_modules\protractor\node_modules\selenium-webdriver\lib\promise.js:3084:14)
    at TaskQueue.executeNext_ (C:\Users\sandhata\AppData\Roaming\npm\node_modules\protractor\node_modules\selenium-webdriver\lib\promise.js:3067:27)
    at C:\Users\sandhata\AppData\Roaming\npm\node_modules\protractor\node_modules\selenium-webdriver\lib\promise.js:2927:27
    at C:\Users\sandhata\AppData\Roaming\npm\node_modules\protractor\node_modules\selenium-webdriver\lib\promise.js:668:7
    at processTicksAndRejections (node:internal/process/task_queues:95:5)Error
    at ElementArrayFinder.applyAction_ (C:\Users\sandhata\AppData\Roaming\npm\node_modules\protractor\built\element.js:459:27)
    at ElementArrayFinder.<computed> [as click] (C:\Users\sandhata\AppData\Roaming\npm\node_modules\protractor\built\element.js:91:29)
    at ElementFinder.<computed> [as click] (C:\Users\sandhata\AppData\Roaming\npm\node_modules\protractor\built\element.js:831:22)
    at UserContext.<anonymous> (C:\Users\sandhata\shirisha dodla\UI_testing_nextgen\Next_GenBank1 - Copy\src\e2e-spec.ts:130:8)
    at C:\Users\sandhata\AppData\Roaming\npm\node_modules\protractor\node_modules\jasminewd2\index.js:112:25
    at new ManagedPromise (C:\Users\sandhata\AppData\Roaming\npm\node_modules\protractor\node_modules\selenium-webdriver\lib\promise.js:1077:7)
    at ControlFlow.promise (C:\Users\sandhata\AppData\Roaming\npm\node_modules\protractor\node_modules\selenium-webdriver\lib\promise.js:2505:12)
    at schedulerExecute (C:\Users\sandhata\AppData\Roaming\npm\node_modules\protractor\node_modules\jasminewd2\index.js:95:18)
    at TaskQueue.execute_ (C:\Users\sandhata\AppData\Roaming\npm\node_modules\protractor\node_modules\selenium-webdriver\lib\promise.js:3084:14)
    at TaskQueue.executeNext_ (C:\Users\sandhata\AppData\Roaming\npm\node_modules\protractor\node_modules\selenium-webdriver\lib\promise.js:3067:27)
From: Task: Run it("should verify balance in the transaction history table is not zero") in control flow
    at UserContext.<anonymous> (C:\Users\sandhata\AppData\Roaming\npm\node_modules\protractor\node_modules\jasminewd2\index.js:94:19)
    at attempt (C:\Users\sandhata\AppData\Roaming\npm\node_modules\protractor\node_modules\jasmine-core\lib\jasmine-core\jasmine.js:4297:26)
    at QueueRunner.run (C:\Users\sandhata\AppData\Roaming\npm\node_modules\protractor\node_modules\jasmine-core\lib\jasmine-core\jasmine.js:4217:20)
    at runNext (C:\Users\sandhata\AppData\Roaming\npm\node_modules\protractor\node_modules\jasmine-core\lib\jasmine-core\jasmine.js:4257:20)
    at C:\Users\sandhata\AppData\Roaming\npm\node_modules\protractor\node_modules\jasmine-core\lib\jasmine-core\jasmine.js:4264:13
    at C:\Users\sandhata\AppData\Roaming\npm\node_modules\protractor\node_modules\jasmine-core\lib\jasmine-core\jasmine.js:4172:9
    at C:\Users\sandhata\AppData\Roaming\npm\node_modules\protractor\node_modules\jasminewd2\index.js:64:48
    at ControlFlow.emit (C:\Users\sandhata\AppData\Roaming\npm\node_modules\protractor\node_modules\selenium-webdriver\lib\events.js:62:21)
    at ControlFlow.shutdown_ (C:\Users\sandhata\AppData\Roaming\npm\node_modules\protractor\node_modules\selenium-webdriver\lib\promise.js:2674:10)
    at C:\Users\sandhata\AppData\Roaming\npm\node_modules\protractor\node_modules\selenium-webdriver\lib\promise.js:2599:53
From asynchronous test: 
Error
    at Suite.<anonymous> (C:\Users\sandhata\shirisha dodla\UI_testing_nextgen\Next_GenBank1 - Copy\dist\out-tsc\e2e-spec.js:103:9)
    at addSpecsToSuite (C:\Users\sandhata\AppData\Roaming\npm\node_modules\protractor\node_modules\jasmine-core\lib\jasmine-core\jasmine.js:1107:25)
    at Env.describe (C:\Users\sandhata\AppData\Roaming\npm\node_modules\protractor\node_modules\jasmine-core\lib\jasmine-core\jasmine.js:1074:7)
    at describe (C:\Users\sandhata\AppData\Roaming\npm\node_modules\protractor\node_modules\jasmine-core\lib\jasmine-core\jasmine.js:4399:18)
    at Suite.<anonymous> (C:\Users\sandhata\shirisha dodla\UI_testing_nextgen\Next_GenBank1 - Copy\dist\out-tsc\e2e-spec.js:74:5)
    at addSpecsToSuite (C:\Users\sandhata\AppData\Roaming\npm\node_modules\protractor\node_modules\jasmine-core\lib\jasmine-core\jasmine.js:1107:25)
    at Env.describe (C:\Users\sandhata\AppData\Roaming\npm\node_modules\protractor\node_modules\jasmine-core\lib\jasmine-core\jasmine.js:1074:7)
    at describe (C:\Users\sandhata\AppData\Roaming\npm\node_modules\protractor\node_modules\jasmine-core\lib\jasmine-core\jasmine.js:4399:18)
    at Object.<anonymous> (C:\Users\sandhata\shirisha dodla\UI_testing_nextgen\Next_GenBank1 - Copy\dist\out-tsc\e2e-spec.js:22:1)]]>
   </failure>
  </testcase>
 </testsuite>
 <testsuite name="Login and Navigation Functionality with Custom Headers.Back Button Functionality" timestamp="2024-06-18T10:33:24" hostname="localhost" time="3.743" errors="0" tests="2" skipped="0" disabled="0" failures="0">
  <testcase classname="Login and Navigation Functionality with Custom Headers.Back Button Functionality" name="should navigate to the transaction page" time="1.714" />
  <testcase classname="Login and Navigation Functionality with Custom Headers.Back Button Functionality" name="should click the back button and ensure redirection back to the dashboard page" time="2.027" />
 </testsuite>
 <testsuite name="Login and Navigation Functionality with Custom Headers.Logout Functionality" timestamp="2024-06-18T10:33:28" hostname="localhost" time="8.731" errors="0" tests="2" skipped="0" disabled="0" failures="1">
  <testcase classname="Login and Navigation Functionality with Custom Headers.Logout Functionality" name="should have a logout button that is clickable" time="2.15" />
  <testcase classname="Login and Navigation Functionality with Custom Headers.Logout Functionality" name="should log out and redirect to the login page" time="6.58">
   <failure type="exception" message="Failed: URL does not contain /login after clicking logout
Wait timed out after 5002ms"><![CDATA[TimeoutError: URL does not contain /login after clicking logout
Wait timed out after 5002ms
    at C:\Users\sandhata\AppData\Roaming\npm\node_modules\protractor\node_modules\selenium-webdriver\lib\promise.js:2201:17
    at ManagedPromise.invokeCallback_ (C:\Users\sandhata\AppData\Roaming\npm\node_modules\protractor\node_modules\selenium-webdriver\lib\promise.js:1376:14)
    at TaskQueue.execute_ (C:\Users\sandhata\AppData\Roaming\npm\node_modules\protractor\node_modules\selenium-webdriver\lib\promise.js:3084:14)
    at TaskQueue.executeNext_ (C:\Users\sandhata\AppData\Roaming\npm\node_modules\protractor\node_modules\selenium-webdriver\lib\promise.js:3067:27)
    at C:\Users\sandhata\AppData\Roaming\npm\node_modules\protractor\node_modules\selenium-webdriver\lib\promise.js:2927:27
    at C:\Users\sandhata\AppData\Roaming\npm\node_modules\protractor\node_modules\selenium-webdriver\lib\promise.js:668:7
    at processTicksAndRejections (node:internal/process/task_queues:95:5)
From: Task: URL does not contain /login after clicking logout
    at scheduleWait (C:\Users\sandhata\AppData\Roaming\npm\node_modules\protractor\node_modules\selenium-webdriver\lib\promise.js:2188:20)
    at ControlFlow.wait (C:\Users\sandhata\AppData\Roaming\npm\node_modules\protractor\node_modules\selenium-webdriver\lib\promise.js:2517:12)
    at thenableWebDriverProxy.wait (C:\Users\sandhata\AppData\Roaming\npm\node_modules\protractor\node_modules\selenium-webdriver\lib\webdriver.js:934:29)
    at run (C:\Users\sandhata\AppData\Roaming\npm\node_modules\protractor\built\browser.js:58:33)
    at ProtractorBrowser.to.<computed> [as wait] (C:\Users\sandhata\AppData\Roaming\npm\node_modules\protractor\built\browser.js:66:16)
    at UserContext.<anonymous> (C:\Users\sandhata\shirisha dodla\UI_testing_nextgen\Next_GenBank1 - Copy\dist\out-tsc\e2e-spec.js:157:27)
    at processTicksAndRejections (node:internal/process/task_queues:95:5)
From: Task: Run it("should log out and redirect to the login page") in control flow
    at UserContext.<anonymous> (C:\Users\sandhata\AppData\Roaming\npm\node_modules\protractor\node_modules\jasminewd2\index.js:94:19)
    at attempt (C:\Users\sandhata\AppData\Roaming\npm\node_modules\protractor\node_modules\jasmine-core\lib\jasmine-core\jasmine.js:4297:26)
    at QueueRunner.run (C:\Users\sandhata\AppData\Roaming\npm\node_modules\protractor\node_modules\jasmine-core\lib\jasmine-core\jasmine.js:4217:20)
    at runNext (C:\Users\sandhata\AppData\Roaming\npm\node_modules\protractor\node_modules\jasmine-core\lib\jasmine-core\jasmine.js:4257:20)
    at C:\Users\sandhata\AppData\Roaming\npm\node_modules\protractor\node_modules\jasmine-core\lib\jasmine-core\jasmine.js:4264:13
    at C:\Users\sandhata\AppData\Roaming\npm\node_modules\protractor\node_modules\jasmine-core\lib\jasmine-core\jasmine.js:4172:9
    at C:\Users\sandhata\AppData\Roaming\npm\node_modules\protractor\node_modules\jasminewd2\index.js:64:48
    at ControlFlow.emit (C:\Users\sandhata\AppData\Roaming\npm\node_modules\protractor\node_modules\selenium-webdriver\lib\events.js:62:21)
    at ControlFlow.shutdown_ (C:\Users\sandhata\AppData\Roaming\npm\node_modules\protractor\node_modules\selenium-webdriver\lib\promise.js:2674:10)
    at C:\Users\sandhata\AppData\Roaming\npm\node_modules\protractor\node_modules\selenium-webdriver\lib\promise.js:2599:53
From asynchronous test: 
Error
    at Suite.<anonymous> (C:\Users\sandhata\shirisha dodla\UI_testing_nextgen\Next_GenBank1 - Copy\dist\out-tsc\e2e-spec.js:152:9)
    at addSpecsToSuite (C:\Users\sandhata\AppData\Roaming\npm\node_modules\protractor\node_modules\jasmine-core\lib\jasmine-core\jasmine.js:1107:25)
    at Env.describe (C:\Users\sandhata\AppData\Roaming\npm\node_modules\protractor\node_modules\jasmine-core\lib\jasmine-core\jasmine.js:1074:7)
    at describe (C:\Users\sandhata\AppData\Roaming\npm\node_modules\protractor\node_modules\jasmine-core\lib\jasmine-core\jasmine.js:4399:18)
    at Suite.<anonymous> (C:\Users\sandhata\shirisha dodla\UI_testing_nextgen\Next_GenBank1 - Copy\src\e2e-spec.ts:173:4)
    at addSpecsToSuite (C:\Users\sandhata\AppData\Roaming\npm\node_modules\protractor\node_modules\jasmine-core\lib\jasmine-core\jasmine.js:1107:25)
    at Env.describe (C:\Users\sandhata\AppData\Roaming\npm\node_modules\protractor\node_modules\jasmine-core\lib\jasmine-core\jasmine.js:1074:7)
    at describe (C:\Users\sandhata\AppData\Roaming\npm\node_modules\protractor\node_modules\jasmine-core\lib\jasmine-core\jasmine.js:4399:18)
    at Object.<anonymous> (C:\Users\sandhata\shirisha dodla\UI_testing_nextgen\Next_GenBank1 - Copy\dist\out-tsc\e2e-spec.js:22:1)]]>
   </failure>
  </testcase>
 </testsuite>
</testsuites>